<?xml version="1.0" encoding="UTF-8"?>
<testsuite name="hello.hellospring.HelloSpringApplicationTests" tests="1" skipped="0" failures="0" errors="0" timestamp="2024-03-11T12:22:26" hostname="DESKTOP-ETAQ13D" time="1.301">
  <properties/>
  <testcase name="contextLoads()" classname="hello.hellospring.HelloSpringApplicationTests" time="1.301"/>
  <system-out><![CDATA[21:22:24.051 [Test worker] INFO org.springframework.test.context.support.AnnotationConfigContextLoaderUtils -- Could not detect default configuration classes for test class [hello.hellospring.HelloSpringApplicationTests]: HelloSpringApplicationTests does not declare any static, non-private, non-final, nested classes annotated with @Configuration.
21:22:24.179 [Test worker] INFO org.springframework.boot.test.context.SpringBootTestContextBootstrapper -- Found @SpringBootConfiguration hello.hellospring.HelloSpringApplication for test class hello.hellospring.HelloSpringApplicationTests

  .   ____          _            __ _ _
 /\\ / ___'_ __ _ _(_)_ __  __ _ \ \ \ \
( ( )\___ | '_ | '_| | '_ \/ _` | \ \ \ \
 \\/  ___)| |_)| | | | | || (_| |  ) ) ) )
  '  |____| .__|_| |_|_| |_\__, | / / / /
 =========|_|==============|___/=/_/_/_/
 :: Spring Boot ::                (v3.2.3)

2024-03-11T21:22:24.694+09:00  INFO 13936 --- [hello-spring] [    Test worker] h.h.HelloSpringApplicationTests          : Starting HelloSpringApplicationTests using Java 17.0.9 with PID 13936 (started by yangj in C:\Users\yangj\OneDrive\바탕 화면\개인\Back-end\Spring\basic spring\hello-spring\hello-spring)
2024-03-11T21:22:24.696+09:00  INFO 13936 --- [hello-spring] [    Test worker] h.h.HelloSpringApplicationTests          : No active profile set, falling back to 1 default profile: "default"
2024-03-11T21:22:25.911+09:00  INFO 13936 --- [hello-spring] [    Test worker] o.s.b.a.w.s.WelcomePageHandlerMapping    : Adding welcome page: class path resource [static/index.html]
2024-03-11T21:22:26.227+09:00  INFO 13936 --- [hello-spring] [    Test worker] h.h.HelloSpringApplicationTests          : Started HelloSpringApplicationTests in 1.836 seconds (process running for 3.096)
]]></system-out>
  <system-err><![CDATA[]]></system-err>
</testsuite>
